<?xml version="1.0" encoding="UTF-8"?>
<!-- Generated by org.testng.reporters.JUnitReportReporter -->
<testsuite hostname="RahulMishra-PC" name="testScripts.ValidateLaunching" tests="1" failures="0" timestamp="18 Jun 2017 17:30:17 GMT" time="0.006" errors="0">
  <testcase name="hotelBooking" time="0.006" classname="testScripts.ValidateLaunching"/>
</testsuite> <!-- testScripts.ValidateLaunching -->
