<?xml version="1.0" encoding="UTF-8"?>
<!-- Generated by org.testng.reporters.JUnitReportReporter -->
<testsuite hostname="RahulMishra-PC" name="Demo1.Login" tests="1" failures="0" timestamp="2 Jun 2017 12:30:51 GMT" time="132.827" errors="0">
  <testcase name="run" time="132.827" classname="Demo1.Login"/>
</testsuite> <!-- Demo1.Login -->
