<?xml version="1.0" encoding="UTF-8"?>
<!-- Generated by org.testng.reporters.JUnitReportReporter -->
<testsuite hostname="RahulMishra-PC" name="testScripts.ValidateFlightBooking" tests="1" failures="0" timestamp="25 Jun 2017 04:41:31 GMT" time="249.350" errors="0">
  <testcase name="runForFlightSearch" time="249.350" classname="testScripts.ValidateFlightBooking"/>
</testsuite> <!-- testScripts.ValidateFlightBooking -->
