<?xml version="1.0" encoding="UTF-8"?>
<!-- Generated by org.testng.reporters.JUnitReportReporter -->
<testsuite hostname="RahulMishra-PC" name="testScripts.Flight" tests="1" failures="0" timestamp="14 Jun 2017 21:25:03 GMT" time="149.575" errors="0">
  <testcase name="runForFlightSearch" time="149.575" classname="testScripts.Flight"/>
</testsuite> <!-- testScripts.Flight -->
